<?xml version="1.0" encoding="UTF-8"?>
<testsuite name="com.gildedrose.AgedBrieTest" tests="4" skipped="0" failures="0" errors="0" timestamp="2022-10-12T14:55:27" hostname="DESKTOP-G8FDFTE" time="0.045">
  <properties/>
  <testcase name="normal case" classname="com.gildedrose.AgedBrieTest" time="0.037"/>
  <testcase name="Sellin under 0" classname="com.gildedrose.AgedBrieTest" time="0.0"/>
  <testcase name="Sellin under 0" classname="com.gildedrose.AgedBrieTest" time="0.0"/>
  <testcase name="normal case with 50 quality" classname="com.gildedrose.AgedBrieTest" time="0.001"/>
  <system-out><![CDATA[]]></system-out>
  <system-err><![CDATA[]]></system-err>
</testsuite>
