<?xml version="1.0" encoding="UTF-8"?>
<testsuite name="com.gildedrose.OtherTest" tests="2" skipped="0" failures="0" errors="0" timestamp="2022-10-12T14:55:27" hostname="DESKTOP-G8FDFTE" time="0.005">
  <properties/>
  <testcase name="Case when Quality 0" classname="com.gildedrose.OtherTest" time="0.001"/>
  <testcase name="Case when Quality 0" classname="com.gildedrose.OtherTest" time="0.002"/>
  <system-out><![CDATA[]]></system-out>
  <system-err><![CDATA[]]></system-err>
</testsuite>
