<?xml version="1.0" encoding="UTF-8"?>
<testsuite name="com.gildedrose.SulfurasTest" tests="2" skipped="0" failures="0" errors="0" timestamp="2022-10-12T14:55:27" hostname="DESKTOP-G8FDFTE" time="0.004">
  <properties/>
  <testcase name="normal case" classname="com.gildedrose.SulfurasTest" time="0.001"/>
  <testcase name="case sellIn &lt; 0" classname="com.gildedrose.SulfurasTest" time="0.001"/>
  <system-out><![CDATA[]]></system-out>
  <system-err><![CDATA[]]></system-err>
</testsuite>
