<?xml version="1.0" encoding="UTF-8"?>
<testsuite name="StatementPrinterTests" tests="2" skipped="0" failures="0" errors="0" timestamp="2022-11-04T22:39:48" hostname="DESKTOP-G8FDFTE" time="0.525">
  <properties/>
  <testcase name="exampleStatement()" classname="StatementPrinterTests" time="0.499"/>
  <testcase name="statementWithNewPlayTypes()" classname="StatementPrinterTests" time="0.022"/>
  <system-out><![CDATA[]]></system-out>
  <system-err><![CDATA[]]></system-err>
</testsuite>
