<?xml version="1.0" encoding="UTF-8"?>
<testsuite name="com.gildedrose.ConjuredManaTest" tests="2" skipped="0" failures="0" errors="0" timestamp="2022-10-12T14:55:27" hostname="DESKTOP-G8FDFTE" time="0.004">
  <properties/>
  <testcase name="Seelin 0, quality more than 0" classname="com.gildedrose.ConjuredManaTest" time="0.001"/>
  <testcase name="Normal case" classname="com.gildedrose.ConjuredManaTest" time="0.002"/>
  <system-out><![CDATA[]]></system-out>
  <system-err><![CDATA[]]></system-err>
</testsuite>
