<?xml version="1.0" encoding="UTF-8"?>
<testsuite name="com.gildedrose.GildedRoseTest" tests="6" skipped="0" failures="0" errors="0" timestamp="2022-10-12T14:55:27" hostname="DESKTOP-G8FDFTE" time="0.019">
  <properties/>
  <testcase name="Sellin under 0 quality more than 0" classname="com.gildedrose.GildedRoseTest" time="0.0"/>
  <testcase name="Sellin more than 0, Quality 0" classname="com.gildedrose.GildedRoseTest" time="0.001"/>
  <testcase name="Sellin and Quality more than 0" classname="com.gildedrose.GildedRoseTest" time="0.0"/>
  <testcase name="Sellin under 0, Quality more than 0" classname="com.gildedrose.GildedRoseTest" time="0.002"/>
  <testcase name="Sellin more than 0, Quality more than 0" classname="com.gildedrose.GildedRoseTest" time="0.001"/>
  <testcase name="Test that the name is unchanged" classname="com.gildedrose.GildedRoseTest" time="0.001"/>
  <system-out><![CDATA[]]></system-out>
  <system-err><![CDATA[]]></system-err>
</testsuite>
